#
# A fatal error has been detected by the Java Runtime Environment:
#
#  EXCEPTION_ACCESS_VIOLATION (0xc0000005) at pc=0x00007ffcf0414f03, pid=25692, tid=12384
#
# JRE version:  (11.0.12+7) (build )
# Java VM: OpenJDK 64-Bit Server VM (11.0.12+7, mixed mode, sharing, tiered, compressed oops, g1 gc, windows-amd64)
# Problematic frame:
# V  [jvm.dll+0x1d4f03]
#
# No core dump will be written. Minidumps are not enabled by default on client versions of Windows
#
#

---------------  S U M M A R Y ------------

Command Line: 

Host: Intel(R) Core(TM) i7-10750H CPU @ 2.60GHz, 12 cores, 7G,  Windows 10 , 64 bit Build 22000 (10.0.22000.1516)
Time: Tue Apr 11 13:09:08 2023 Nepal Standard Time elapsed time: 0.024874 seconds (0d 0h 0m 0s)

---------------  T H R E A D  ---------------

Current thread (0x0000025ebb451000):  JavaThread "Unknown thread" [_thread_in_vm, id=12384, stack(0x000000b796200000,0x000000b796300000)]

Stack: [0x000000b796200000,0x000000b796300000],  sp=0x000000b7962fec40,  free space=1019k
Native frames: (J=compiled Java code, j=interpreted, Vv=VM code, C=native code)
V  [jvm.dll+0x1d4f03]
V  [jvm.dll+0x1d3043]
V  [jvm.dll+0x35a33b]
V  [jvm.dll+0x750710]
V  [jvm.dll+0x3c1f8f]
V  [jvm.dll+0x3c4461]
C  [jli.dll+0x5207]
C  [ucrtbase.dll+0x26c0c]
C  [KERNEL32.DLL+0x155a0]
C  [ntdll.dll+0x485b]


siginfo: EXCEPTION_ACCESS_VIOLATION (0xc0000005), reading address 0x0000000000000000


Registers:
RAX=0x00001d6d4e55de30, RBX=0x0000000000000000, RCX=0x0000000000000000, RDX=0x00007ffd34ebcfc0
RSP=0x000000b7962fec40, RBP=0x0000000000000000, RSI=0x0000025ebb451000, RDI=0x0000000000000000
R8 =0x0000000000000000, R9 =0x0000000000000000, R10=0x0000000000000000, R11=0x000000b7962fea00
R12=0x0000000000000000, R13=0x00007ffcf07f3b10, R14=0x0000025eb91c1888, R15=0x000000b7962ff988
RIP=0x00007ffcf0414f03, EFLAGS=0x0000000000010256

Top of Stack: (sp=0x000000b7962fec40)
0x000000b7962fec40:   0000025eb91cb850 00007ffcf0509a28
0x000000b7962fec50:   000000b7962ff988 0000000000000400
0x000000b7962fec60:   0000000000000000 0000025ebb451000
0x000000b7962fec70:   000000b7962ff160 00007ffcf07f3b10
0x000000b7962fec80:   0000e00b43957268 00007ffcf0963d1b
0x000000b7962fec90:   00007ffd34eb0000 000000b7962ff988
0x000000b7962feca0:   0000025eb91c1888 00007ffcf07f3b10
0x000000b7962fecb0:   0000000000000000 00007ffcf0412eea
0x000000b7962fecc0:   0000000000000000 00007ffd49c6d4ec
0x000000b7962fecd0:   00007ffcf0abbdf8 0000000000000001
0x000000b7962fece0:   00001d6d4e55de30 0000025eb91c1888
0x000000b7962fecf0:   00007ffc00000000 00007ffcf07f3b10
0x000000b7962fed00:   0000025ebb451000 000000b7962fee20
0x000000b7962fed10:   0000000000000000 00007ffcf0413043
0x000000b7962fed20:   00007ffd34e80000 00007ffd34ebcfc0
0x000000b7962fed30:   000000b7962fee20 0000025ebb451000 

Instructions: (pc=0x00007ffcf0414f03)
0x00007ffcf0414e03:   f0 ff 15 96 fa 5e 00 48 8b cb 41 b1 01 48 2b 8c
0x00007ffcf0414e13:   24 90 00 00 00 45 33 c0 33 d2 c6 04 31 00 48 8b
0x00007ffcf0414e23:   ce e8 a7 0b 00 00 42 80 3c 33 3b 4a 8d 3c 33 75
0x00007ffcf0414e33:   1c 0f 1f 40 00 0f 1f 84 00 00 00 00 00 48 ff c3
0x00007ffcf0414e43:   ff c5 42 80 3c 33 3b 4a 8d 3c 33 74 f0 49 83 3c
0x00007ffcf0414e53:   24 00 74 18 48 8b 94 24 98 00 00 00 49 8b cf e8
0x00007ffcf0414e63:   89 db ee ff 49 8b cc e8 f1 da ee ff 48 8b 44 24
0x00007ffcf0414e73:   20 48 8d 4c 24 30 49 89 47 18 48 8b 44 24 28 49
0x00007ffcf0414e83:   89 47 20 4d 89 67 10 e8 91 55 0f 00 44 8b ed 48
0x00007ffcf0414e93:   89 9c 24 90 00 00 00 48 3b 5c 24 38 0f 8c cd fe
0x00007ffcf0414ea3:   ff ff 4c 8b 7c 24 40 4c 8b 64 24 48 48 8b 7c 24
0x00007ffcf0414eb3:   50 48 8b 74 24 58 48 8b 9c 24 80 00 00 00 48 83
0x00007ffcf0414ec3:   c4 60 41 5e 41 5d 5d c3 cc cc cc cc cc 40 53 55
0x00007ffcf0414ed3:   56 41 55 48 81 ec b8 00 00 00 48 8b 05 24 40 88
0x00007ffcf0414ee3:   00 48 33 c4 48 89 84 24 a0 00 00 00 48 8b e9 48
0x00007ffcf0414ef3:   c7 c3 ff ff ff ff 0f 1f 80 00 00 00 00 48 ff c3
0x00007ffcf0414f03:   80 3c 0b 00 75 f7 33 f6 c6 44 24 30 01 40 38 35
0x00007ffcf0414f13:   f4 6e 8b 00 74 17 40 38 35 d1 d4 8a 00 75 0e 33
0x00007ffcf0414f23:   d2 48 8d 0d f5 6c 6a 00 e8 b0 ff 19 00 45 33 ed
0x00007ffcf0414f33:   85 db 0f 8e 11 02 00 00 48 89 bc 24 e8 00 00 00
0x00007ffcf0414f43:   48 8b fd 4c 89 a4 24 f0 00 00 00 48 63 c3 33 db
0x00007ffcf0414f53:   4c 89 b4 24 f8 00 00 00 4c 89 bc 24 b0 00 00 00
0x00007ffcf0414f63:   48 89 44 24 68 48 89 74 24 40 0f 1f 00 0f b6 07
0x00007ffcf0414f73:   84 c0 74 12 3c 3b 74 0e 0f b6 44 2b 01 48 ff c3
0x00007ffcf0414f83:   ff c6 84 c0 75 ee 48 8d 54 24 38 48 c7 44 24 38
0x00007ffcf0414f93:   00 00 00 00 48 8d 4c 24 60 e8 ff 53 0f 00 48 8b
0x00007ffcf0414fa3:   44 24 38 33 d2 4c 8b b0 78 02 00 00 49 8b 46 18
0x00007ffcf0414fb3:   4d 8b 66 10 48 89 44 24 50 49 8b 46 20 48 89 44
0x00007ffcf0414fc3:   24 58 49 8b 46 28 48 89 44 24 48 8b c6 41 2b c5
0x00007ffcf0414fd3:   48 63 f8 48 8d 4f 01 e8 d1 18 49 00 49 63 d5 4c
0x00007ffcf0414fe3:   8b c7 48 03 d5 48 8b c8 4c 8b f8 ff 15 ac f8 5e
0x00007ffcf0414ff3:   00 48 8b cb 48 2b 4c 24 40 80 7c 24 30 00 42 c6 



---------------  P R O C E S S  ---------------

Threads class SMR info:
_java_thread_list=0x0000025eb91c1810, length=0, elements={
}

Java Threads: ( => current thread )

Other Threads:

=>0x0000025ebb451000 (exited) JavaThread "Unknown thread" [_thread_in_vm, id=12384, stack(0x000000b796200000,0x000000b796300000)]

Threads with active compile tasks:

VM state:not at safepoint (not fully initialized)

VM Mutex/Monitor currently owned by a thread: None


[error occurred during error reporting (printing compressed oops mode), id 0xc0000005, EXCEPTION_ACCESS_VIOLATION (0xc0000005) at pc=0x00007ffcf09ae3f7]

Deoptimization events (0 events):
No events

Classes redefined (0 events):
No events

Internal exceptions (0 events):
No events

Events (1 events):
Event: 0.017 Loaded shared library C:\Program Files\Microsoft\jdk-11.0.12.7-hotspot\bin\zip.dll


Dynamic libraries:
0x00007ff77d8c0000 - 0x00007ff77d8ca000 	D:\Android Studio\jre\bin\java.EXE
0x00007ffd4c4a0000 - 0x00007ffd4c6a9000 	C:\WINDOWS\SYSTEM32\ntdll.dll
0x00007ffd4b0b0000 - 0x00007ffd4b16e000 	C:\WINDOWS\System32\KERNEL32.DLL
0x00007ffd49bf0000 - 0x00007ffd49f6c000 	C:\WINDOWS\System32\KERNELBASE.dll
0x00007ffd4a200000 - 0x00007ffd4a311000 	C:\WINDOWS\System32\ucrtbase.dll
0x00007ffd31390000 - 0x00007ffd313ab000 	C:\WINDOWS\SYSTEM32\VCRUNTIME140.dll
0x00007ffd41b80000 - 0x00007ffd41b97000 	C:\Program Files\Microsoft\jdk-11.0.12.7-hotspot\bin\jli.dll
0x00007ffd4b290000 - 0x00007ffd4b43d000 	C:\WINDOWS\System32\USER32.dll
0x00007ffd49f70000 - 0x00007ffd49f96000 	C:\WINDOWS\System32\win32u.dll
0x00007ffd2f860000 - 0x00007ffd2fb05000 	C:\WINDOWS\WinSxS\amd64_microsoft.windows.common-controls_6595b64144ccf1df_6.0.22000.120_none_9d947278b86cc467\COMCTL32.dll
0x00007ffd4b080000 - 0x00007ffd4b0a9000 	C:\WINDOWS\System32\GDI32.dll
0x00007ffd4be00000 - 0x00007ffd4bea3000 	C:\WINDOWS\System32\msvcrt.dll
0x00007ffd4a0e0000 - 0x00007ffd4a1f8000 	C:\WINDOWS\System32\gdi32full.dll
0x00007ffd49ae0000 - 0x00007ffd49b7d000 	C:\WINDOWS\System32\msvcp_win.dll
0x00007ffd4af60000 - 0x00007ffd4af91000 	C:\WINDOWS\System32\IMM32.DLL
0x00007ffd41b60000 - 0x00007ffd41b75000 	C:\Program Files\Microsoft\jdk-11.0.12.7-hotspot\bin\vcruntime140.dll
0x00007ffd0d040000 - 0x00007ffd0d0db000 	C:\Program Files\Microsoft\jdk-11.0.12.7-hotspot\bin\msvcp140.dll
0x00007ffcf0240000 - 0x00007ffcf0da1000 	C:\Program Files\Microsoft\jdk-11.0.12.7-hotspot\bin\server\jvm.dll
0x00007ffd4b4d0000 - 0x00007ffd4b57e000 	C:\WINDOWS\System32\ADVAPI32.dll
0x00007ffd4bd50000 - 0x00007ffd4bdee000 	C:\WINDOWS\System32\sechost.dll
0x00007ffd4b170000 - 0x00007ffd4b290000 	C:\WINDOWS\System32\RPCRT4.dll
0x00007ffd4bcd0000 - 0x00007ffd4bcd8000 	C:\WINDOWS\System32\PSAPI.DLL
0x00007ffd272b0000 - 0x00007ffd272b9000 	C:\WINDOWS\SYSTEM32\WSOCK32.dll
0x00007ffd4b460000 - 0x00007ffd4b4cf000 	C:\WINDOWS\System32\WS2_32.dll
0x00007ffd32a50000 - 0x00007ffd32a83000 	C:\WINDOWS\SYSTEM32\WINMM.dll
0x00007ffd3f7f0000 - 0x00007ffd3f7fa000 	C:\WINDOWS\SYSTEM32\VERSION.dll
0x00007ffd48ae0000 - 0x00007ffd48af8000 	C:\WINDOWS\SYSTEM32\kernel.appcore.dll
0x00007ffd41b50000 - 0x00007ffd41b60000 	C:\Program Files\Microsoft\jdk-11.0.12.7-hotspot\bin\verify.dll
0x00007ffd47420000 - 0x00007ffd47641000 	C:\WINDOWS\SYSTEM32\DBGHELP.DLL
0x00007ffd3c980000 - 0x00007ffd3c9b1000 	C:\WINDOWS\SYSTEM32\dbgcore.DLL
0x00007ffd49fa0000 - 0x00007ffd4a01f000 	C:\WINDOWS\System32\bcryptPrimitives.dll
0x00007ffd34eb0000 - 0x00007ffd34ed8000 	C:\Program Files\Microsoft\jdk-11.0.12.7-hotspot\bin\java.dll
0x00007ffd34ea0000 - 0x00007ffd34eaa000 	C:\Program Files\Microsoft\jdk-11.0.12.7-hotspot\bin\jimage.dll
0x00007ffd34e80000 - 0x00007ffd34e97000 	C:\Program Files\Microsoft\jdk-11.0.12.7-hotspot\bin\zip.dll

dbghelp: loaded successfully - version: 4.0.5 - missing functions: none
symbol engine: initialized successfully - sym options: 0x614 - pdb path: .;D:\Android Studio\jre\bin;C:\WINDOWS\SYSTEM32;C:\Program Files\Microsoft\jdk-11.0.12.7-hotspot\bin;C:\WINDOWS\WinSxS\amd64_microsoft.windows.common-controls_6595b64144ccf1df_6.0.22000.120_none_9d947278b86cc467;C:\Program Files\Microsoft\jdk-11.0.12.7-hotspot\bin\server

VM Arguments:
java_command: <unknown>
java_class_path (initial): <not set>
Launcher Type: SUN_STANDARD

[Global flags]
     uint G1ConcRefinementThreads                  = 10                                        {product} {ergonomic}
    uintx GCDrainStackTargetSize                   = 64                                        {product} {ergonomic}
   size_t InitialHeapSize                          = 130727936                                 {product} {ergonomic}
   size_t MaxHeapSize                              = 2091646976                                {product} {ergonomic}
    uintx ReservedCodeCacheSize                    = 251658240                              {pd product} {ergonomic}
     bool SegmentedCodeCache                       = true                                      {product} {ergonomic}
     bool UseCompressedClassPointers               = true                                 {lp64_product} {ergonomic}
     bool UseCompressedOops                        = true                                 {lp64_product} {ergonomic}
     bool UseG1GC                                  = true                                      {product} {ergonomic}
     bool UseLargePagesIndividualAllocation        = false                                  {pd product} {ergonomic}

Logging:
Log output configuration:
 #0: stdout all=warning uptime,level,tags
 #1: stderr all=off uptime,level,tags

Environment Variables:
JAVA_HOME=C:\Program Files\Java\jdk-16
PATH=C:\Program Files\Microsoft\jdk-11.0.12.7-hotspot\bin;D:\OracleXE\app\oracle\product\11.2.0\server\bin;;C:\oraclexe\app\oracle\product\11.2.0\server\bin;C:\Program Files\Common Files\Oracle\Java\javapath;C:\Windows\system32;C:\Windows;C:\Windows\System32\Wbem;C:\Windows\System32\WindowsPowerShell\v1.0\;C:\Windows\System32\OpenSSH\;C:\Program Files (x86)\NVIDIA Corporation\PhysX\Common;C:\Program Files\NVIDIA Corporation\NVIDIA NvDLISR;C:\WINDOWS\system32;C:\WINDOWS;C:\WINDOWS\System32\Wbem;C:\WINDOWS\System32\WindowsPowerShell\v1.0\;C:\WINDOWS\System32\OpenSSH\;D:\Git\cmd;C:\Program Files\dotnet\;C:\Program Files\Microsoft SQL Server\150\Tools\Binn\;C:\Program Files\Microsoft SQL Server\Client SDK\ODBC\170\Tools\Binn\;C:\xampp\php;C:\ProgramData\ComposerSetup\bin;D:\Scripts\;D:\;C:\Users\anusk\AppData\Local\Microsoft\WindowsApps;D:\flutter\bin;;D:\Microsoft VS Code\bin;C:\Users\anusk\.dotnet\tools;C:\Users\anusk\AppData\Roaming\Composer\vendor\bin;D:\flutter\bin\mingit\cmd
USERNAME=anusk
OS=Windows_NT
PROCESSOR_IDENTIFIER=Intel64 Family 6 Model 165 Stepping 2, GenuineIntel



---------------  S Y S T E M  ---------------

OS: Windows 10 , 64 bit Build 22000 (10.0.22000.1516)
OS uptime: 5 days 6:09 hours

CPU:total 12 (initial active 12) 

Memory: 4k page, system-wide physical 7979M (233M free)
TotalPageFile size 26004M (AvailPageFile size 10185M)
current process WorkingSet (physical memory assigned to process): 9M, peak: 9M
current process commit charge ("private bytes"): 3M, peak: 3M

vm_info: OpenJDK 64-Bit Server VM (11.0.12+7) for windows-amd64 JRE (11.0.12+7), built on Jul 21 2021 15:41:43 by "" with unknown MS VC++:1916

END.
