#
# A fatal error has been detected by the Java Runtime Environment:
#
#  EXCEPTION_ACCESS_VIOLATION (0xc0000005) at pc=0x00007ff8514b4f03, pid=20144, tid=12444
#
# JRE version:  (11.0.12+7) (build )
# Java VM: OpenJDK 64-Bit Server VM (11.0.12+7, mixed mode, sharing, tiered, compressed oops, g1 gc, windows-amd64)
# Problematic frame:
# V  [jvm.dll+0x1d4f03]
#
# No core dump will be written. Minidumps are not enabled by default on client versions of Windows
#
#

---------------  S U M M A R Y ------------

Command Line: 

Host: Intel(R) Core(TM) i7-10750H CPU @ 2.60GHz, 12 cores, 7G,  Windows 10 , 64 bit Build 22000 (10.0.22000.1761)
Time: Sun May  7 06:57:08 2023 Nepal Standard Time elapsed time: 0.014720 seconds (0d 0h 0m 0s)

---------------  T H R E A D  ---------------

Current thread (0x000001f6fe4a3800):  JavaThread "Unknown thread" [_thread_in_vm, id=12444, stack(0x0000001971700000,0x0000001971800000)]

Stack: [0x0000001971700000,0x0000001971800000],  sp=0x00000019717fee80,  free space=1019k
Native frames: (J=compiled Java code, j=interpreted, Vv=VM code, C=native code)
V  [jvm.dll+0x1d4f03]
V  [jvm.dll+0x1d3043]
V  [jvm.dll+0x35a33b]
V  [jvm.dll+0x750710]
V  [jvm.dll+0x3c1f8f]
V  [jvm.dll+0x3c4461]
C  [jli.dll+0x5207]
C  [ucrtbase.dll+0x26c0c]
C  [KERNEL32.DLL+0x15590]
C  [ntdll.dll+0x485b]


siginfo: EXCEPTION_ACCESS_VIOLATION (0xc0000005), reading address 0x0000000000000000


Registers:
RAX=0x0000f6a7163d128b, RBX=0x0000000000000000, RCX=0x0000000000000000, RDX=0x00007ff8851ecfc0
RSP=0x00000019717fee80, RBP=0x0000000000000000, RSI=0x000001f6fe4a3800, RDI=0x0000000000000000
R8 =0x0000000000000000, R9 =0x0000000000000000, R10=0x0000000000000000, R11=0x00000019717fec40
R12=0x0000000000000000, R13=0x00007ff851893b10, R14=0x000001f6fc1a0738, R15=0x00000019717ffbc8
RIP=0x00007ff8514b4f03, EFLAGS=0x0000000000010256

Top of Stack: (sp=0x00000019717fee80)
0x00000019717fee80:   000001f6fc1abae0 00007ff8515a9a28
0x00000019717fee90:   00000019717ffbc8 0000000000000400
0x00000019717feea0:   0000000000000000 000001f6fe4a3800
0x00000019717feeb0:   00000019717ff3a0 00007ff851893b10
0x00000019717feec0:   000038d312352aea 00007ff851a03d1b
0x00000019717feed0:   00007ff8851e0000 00000019717ffbc8
0x00000019717feee0:   000001f6fc1a0738 00007ff851893b10
0x00000019717feef0:   0000000000000000 00007ff8514b2eea
0x00000019717fef00:   0000000000000000 00007ff89875e10c
0x00000019717fef10:   00007ff851b5bdf8 0000000000000001
0x00000019717fef20:   0000f6a7163d128b 000001f6fc1a0738
0x00000019717fef30:   00007ff800000000 00007ff851893b10
0x00000019717fef40:   000001f6fe4a3800 00000019717ff060
0x00000019717fef50:   0000000000000000 00007ff8514b3043
0x00000019717fef60:   00007ff8851b0000 00007ff8851ecfc0
0x00000019717fef70:   00000019717ff060 000001f6fe4a3800 

Instructions: (pc=0x00007ff8514b4f03)
0x00007ff8514b4e03:   f0 ff 15 96 fa 5e 00 48 8b cb 41 b1 01 48 2b 8c
0x00007ff8514b4e13:   24 90 00 00 00 45 33 c0 33 d2 c6 04 31 00 48 8b
0x00007ff8514b4e23:   ce e8 a7 0b 00 00 42 80 3c 33 3b 4a 8d 3c 33 75
0x00007ff8514b4e33:   1c 0f 1f 40 00 0f 1f 84 00 00 00 00 00 48 ff c3
0x00007ff8514b4e43:   ff c5 42 80 3c 33 3b 4a 8d 3c 33 74 f0 49 83 3c
0x00007ff8514b4e53:   24 00 74 18 48 8b 94 24 98 00 00 00 49 8b cf e8
0x00007ff8514b4e63:   89 db ee ff 49 8b cc e8 f1 da ee ff 48 8b 44 24
0x00007ff8514b4e73:   20 48 8d 4c 24 30 49 89 47 18 48 8b 44 24 28 49
0x00007ff8514b4e83:   89 47 20 4d 89 67 10 e8 91 55 0f 00 44 8b ed 48
0x00007ff8514b4e93:   89 9c 24 90 00 00 00 48 3b 5c 24 38 0f 8c cd fe
0x00007ff8514b4ea3:   ff ff 4c 8b 7c 24 40 4c 8b 64 24 48 48 8b 7c 24
0x00007ff8514b4eb3:   50 48 8b 74 24 58 48 8b 9c 24 80 00 00 00 48 83
0x00007ff8514b4ec3:   c4 60 41 5e 41 5d 5d c3 cc cc cc cc cc 40 53 55
0x00007ff8514b4ed3:   56 41 55 48 81 ec b8 00 00 00 48 8b 05 24 40 88
0x00007ff8514b4ee3:   00 48 33 c4 48 89 84 24 a0 00 00 00 48 8b e9 48
0x00007ff8514b4ef3:   c7 c3 ff ff ff ff 0f 1f 80 00 00 00 00 48 ff c3
0x00007ff8514b4f03:   80 3c 0b 00 75 f7 33 f6 c6 44 24 30 01 40 38 35
0x00007ff8514b4f13:   f4 6e 8b 00 74 17 40 38 35 d1 d4 8a 00 75 0e 33
0x00007ff8514b4f23:   d2 48 8d 0d f5 6c 6a 00 e8 b0 ff 19 00 45 33 ed
0x00007ff8514b4f33:   85 db 0f 8e 11 02 00 00 48 89 bc 24 e8 00 00 00
0x00007ff8514b4f43:   48 8b fd 4c 89 a4 24 f0 00 00 00 48 63 c3 33 db
0x00007ff8514b4f53:   4c 89 b4 24 f8 00 00 00 4c 89 bc 24 b0 00 00 00
0x00007ff8514b4f63:   48 89 44 24 68 48 89 74 24 40 0f 1f 00 0f b6 07
0x00007ff8514b4f73:   84 c0 74 12 3c 3b 74 0e 0f b6 44 2b 01 48 ff c3
0x00007ff8514b4f83:   ff c6 84 c0 75 ee 48 8d 54 24 38 48 c7 44 24 38
0x00007ff8514b4f93:   00 00 00 00 48 8d 4c 24 60 e8 ff 53 0f 00 48 8b
0x00007ff8514b4fa3:   44 24 38 33 d2 4c 8b b0 78 02 00 00 49 8b 46 18
0x00007ff8514b4fb3:   4d 8b 66 10 48 89 44 24 50 49 8b 46 20 48 89 44
0x00007ff8514b4fc3:   24 58 49 8b 46 28 48 89 44 24 48 8b c6 41 2b c5
0x00007ff8514b4fd3:   48 63 f8 48 8d 4f 01 e8 d1 18 49 00 49 63 d5 4c
0x00007ff8514b4fe3:   8b c7 48 03 d5 48 8b c8 4c 8b f8 ff 15 ac f8 5e
0x00007ff8514b4ff3:   00 48 8b cb 48 2b 4c 24 40 80 7c 24 30 00 42 c6 



---------------  P R O C E S S  ---------------

Threads class SMR info:
_java_thread_list=0x000001f6fc1a0780, length=0, elements={
}

Java Threads: ( => current thread )

Other Threads:

=>0x000001f6fe4a3800 (exited) JavaThread "Unknown thread" [_thread_in_vm, id=12444, stack(0x0000001971700000,0x0000001971800000)]

Threads with active compile tasks:

VM state:not at safepoint (not fully initialized)

VM Mutex/Monitor currently owned by a thread: None


[error occurred during error reporting (printing compressed oops mode), id 0xc0000005, EXCEPTION_ACCESS_VIOLATION (0xc0000005) at pc=0x00007ff851a4e3f7]

Deoptimization events (0 events):
No events

Classes redefined (0 events):
No events

Internal exceptions (0 events):
No events

Events (1 events):
Event: 0.007 Loaded shared library C:\Program Files\Microsoft\jdk-11.0.12.7-hotspot\bin\zip.dll


Dynamic libraries:
0x00007ff676f30000 - 0x00007ff676f3a000 	D:\Android Studio\jre\bin\java.EXE
0x00007ff89aea0000 - 0x00007ff89b0a9000 	C:\WINDOWS\SYSTEM32\ntdll.dll
0x00007ff899a80000 - 0x00007ff899b3e000 	C:\WINDOWS\System32\KERNEL32.DLL
0x00007ff8986d0000 - 0x00007ff898a53000 	C:\WINDOWS\System32\KERNELBASE.dll
0x00007ff898b20000 - 0x00007ff898c31000 	C:\WINDOWS\System32\ucrtbase.dll
0x00007ff87fc30000 - 0x00007ff87fc4b000 	C:\WINDOWS\SYSTEM32\VCRUNTIME140.dll
0x00007ff894960000 - 0x00007ff894977000 	C:\Program Files\Microsoft\jdk-11.0.12.7-hotspot\bin\jli.dll
0x00007ff899b40000 - 0x00007ff899ced000 	C:\WINDOWS\System32\USER32.dll
0x00007ff898ce0000 - 0x00007ff898d06000 	C:\WINDOWS\System32\win32u.dll
0x00007ff87e990000 - 0x00007ff87ec35000 	C:\WINDOWS\WinSxS\amd64_microsoft.windows.common-controls_6595b64144ccf1df_6.0.22000.120_none_9d947278b86cc467\COMCTL32.dll
0x00007ff89a7d0000 - 0x00007ff89a7f9000 	C:\WINDOWS\System32\GDI32.dll
0x00007ff89adb0000 - 0x00007ff89ae53000 	C:\WINDOWS\System32\msvcrt.dll
0x00007ff8985b0000 - 0x00007ff8986ca000 	C:\WINDOWS\System32\gdi32full.dll
0x00007ff898c40000 - 0x00007ff898cdd000 	C:\WINDOWS\System32\msvcp_win.dll
0x00007ff899a40000 - 0x00007ff899a71000 	C:\WINDOWS\System32\IMM32.DLL
0x00007ff894940000 - 0x00007ff894955000 	C:\Program Files\Microsoft\jdk-11.0.12.7-hotspot\bin\vcruntime140.dll
0x00007ff882b00000 - 0x00007ff882b9b000 	C:\Program Files\Microsoft\jdk-11.0.12.7-hotspot\bin\msvcp140.dll
0x00007ff8512e0000 - 0x00007ff851e41000 	C:\Program Files\Microsoft\jdk-11.0.12.7-hotspot\bin\server\jvm.dll
0x00007ff898f20000 - 0x00007ff898fce000 	C:\WINDOWS\System32\ADVAPI32.dll
0x00007ff899da0000 - 0x00007ff899e3e000 	C:\WINDOWS\System32\sechost.dll
0x00007ff899570000 - 0x00007ff899691000 	C:\WINDOWS\System32\RPCRT4.dll
0x00007ff89a7c0000 - 0x00007ff89a7c8000 	C:\WINDOWS\System32\PSAPI.DLL
0x00007ff87da50000 - 0x00007ff87da59000 	C:\WINDOWS\SYSTEM32\WSOCK32.dll
0x00007ff883020000 - 0x00007ff883053000 	C:\WINDOWS\SYSTEM32\WINMM.dll
0x00007ff89a800000 - 0x00007ff89a86f000 	C:\WINDOWS\System32\WS2_32.dll
0x00007ff88d6c0000 - 0x00007ff88d6ca000 	C:\WINDOWS\SYSTEM32\VERSION.dll
0x00007ff897440000 - 0x00007ff897458000 	C:\WINDOWS\SYSTEM32\kernel.appcore.dll
0x00007ff887330000 - 0x00007ff887340000 	C:\Program Files\Microsoft\jdk-11.0.12.7-hotspot\bin\verify.dll
0x00007ff895d90000 - 0x00007ff895fb1000 	C:\WINDOWS\SYSTEM32\DBGHELP.DLL
0x00007ff887be0000 - 0x00007ff887c11000 	C:\WINDOWS\SYSTEM32\dbgcore.DLL
0x00007ff898350000 - 0x00007ff8983cf000 	C:\WINDOWS\System32\bcryptPrimitives.dll
0x00007ff8851e0000 - 0x00007ff885208000 	C:\Program Files\Microsoft\jdk-11.0.12.7-hotspot\bin\java.dll
0x00007ff8851d0000 - 0x00007ff8851da000 	C:\Program Files\Microsoft\jdk-11.0.12.7-hotspot\bin\jimage.dll
0x00007ff8851b0000 - 0x00007ff8851c7000 	C:\Program Files\Microsoft\jdk-11.0.12.7-hotspot\bin\zip.dll

dbghelp: loaded successfully - version: 4.0.5 - missing functions: none
symbol engine: initialized successfully - sym options: 0x614 - pdb path: .;D:\Android Studio\jre\bin;C:\WINDOWS\SYSTEM32;C:\Program Files\Microsoft\jdk-11.0.12.7-hotspot\bin;C:\WINDOWS\WinSxS\amd64_microsoft.windows.common-controls_6595b64144ccf1df_6.0.22000.120_none_9d947278b86cc467;C:\Program Files\Microsoft\jdk-11.0.12.7-hotspot\bin\server

VM Arguments:
java_command: <unknown>
java_class_path (initial): <not set>
Launcher Type: SUN_STANDARD

[Global flags]
     uint G1ConcRefinementThreads                  = 10                                        {product} {ergonomic}
    uintx GCDrainStackTargetSize                   = 64                                        {product} {ergonomic}
   size_t InitialHeapSize                          = 130727936                                 {product} {ergonomic}
   size_t MaxHeapSize                              = 2091646976                                {product} {ergonomic}
    uintx ReservedCodeCacheSize                    = 251658240                              {pd product} {ergonomic}
     bool SegmentedCodeCache                       = true                                      {product} {ergonomic}
     bool UseCompressedClassPointers               = true                                 {lp64_product} {ergonomic}
     bool UseCompressedOops                        = true                                 {lp64_product} {ergonomic}
     bool UseG1GC                                  = true                                      {product} {ergonomic}
     bool UseLargePagesIndividualAllocation        = false                                  {pd product} {ergonomic}

Logging:
Log output configuration:
 #0: stdout all=warning uptime,level,tags
 #1: stderr all=off uptime,level,tags

Environment Variables:
JAVA_HOME=C:\Program Files\Java\jdk-16
PATH=C:\Program Files\Microsoft\jdk-11.0.12.7-hotspot\bin;D:\OracleXE\app\oracle\product\11.2.0\server\bin;;C:\oraclexe\app\oracle\product\11.2.0\server\bin;C:\Program Files\Common Files\Oracle\Java\javapath;C:\Windows\system32;C:\Windows;C:\Windows\System32\Wbem;C:\Windows\System32\WindowsPowerShell\v1.0\;C:\Windows\System32\OpenSSH\;C:\Program Files (x86)\NVIDIA Corporation\PhysX\Common;C:\Program Files\NVIDIA Corporation\NVIDIA NvDLISR;C:\WINDOWS\system32;C:\WINDOWS;C:\WINDOWS\System32\Wbem;C:\WINDOWS\System32\WindowsPowerShell\v1.0\;C:\WINDOWS\System32\OpenSSH\;D:\Git\cmd;C:\Program Files\dotnet\;C:\Program Files\Microsoft SQL Server\150\Tools\Binn\;C:\Program Files\Microsoft SQL Server\Client SDK\ODBC\170\Tools\Binn\;C:\xampp\php;C:\ProgramData\ComposerSetup\bin;D:\Scripts\;D:\;C:\Users\anusk\AppData\Local\Microsoft\WindowsApps;D:\flutter\bin;;D:\Microsoft VS Code\bin;C:\Users\anusk\.dotnet\tools;C:\Users\anusk\AppData\Roaming\Composer\vendor\bin;D:\flutter\bin\mingit\cmd
USERNAME=anusk
OS=Windows_NT
PROCESSOR_IDENTIFIER=Intel64 Family 6 Model 165 Stepping 2, GenuineIntel



---------------  S Y S T E M  ---------------

OS: Windows 10 , 64 bit Build 22000 (10.0.22000.1761)
OS uptime: 1 days 16:59 hours

CPU:total 12 (initial active 12) 

Memory: 4k page, system-wide physical 7979M (1420M free)
TotalPageFile size 15958M (AvailPageFile size 2614M)
current process WorkingSet (physical memory assigned to process): 8M, peak: 8M
current process commit charge ("private bytes"): 3M, peak: 3M

vm_info: OpenJDK 64-Bit Server VM (11.0.12+7) for windows-amd64 JRE (11.0.12+7), built on Jul 21 2021 15:41:43 by "" with unknown MS VC++:1916

END.
