#
# A fatal error has been detected by the Java Runtime Environment:
#
#  EXCEPTION_ACCESS_VIOLATION (0xc0000005) at pc=0x00007ff85e184f03, pid=17428, tid=4020
#
# JRE version:  (11.0.12+7) (build )
# Java VM: OpenJDK 64-Bit Server VM (11.0.12+7, mixed mode, sharing, tiered, compressed oops, g1 gc, windows-amd64)
# Problematic frame:
# V  [jvm.dll+0x1d4f03]
#
# No core dump will be written. Minidumps are not enabled by default on client versions of Windows
#
#

---------------  S U M M A R Y ------------

Command Line: 

Host: Intel(R) Core(TM) i7-10750H CPU @ 2.60GHz, 12 cores, 7G,  Windows 10 , 64 bit Build 22000 (10.0.22000.1761)
Time: Fri May  5 11:58:35 2023 Nepal Standard Time elapsed time: 0.007580 seconds (0d 0h 0m 0s)

---------------  T H R E A D  ---------------

Current thread (0x00000154e8612000):  JavaThread "Unknown thread" [_thread_in_vm, id=4020, stack(0x0000004167900000,0x0000004167a00000)]

Stack: [0x0000004167900000,0x0000004167a00000],  sp=0x00000041679ff050,  free space=1020k
Native frames: (J=compiled Java code, j=interpreted, Vv=VM code, C=native code)
V  [jvm.dll+0x1d4f03]
V  [jvm.dll+0x1d3043]
V  [jvm.dll+0x35a33b]
V  [jvm.dll+0x750710]
V  [jvm.dll+0x3c1f8f]
V  [jvm.dll+0x3c4461]
C  [jli.dll+0x5207]
C  [ucrtbase.dll+0x26c0c]
C  [KERNEL32.DLL+0x15590]
C  [ntdll.dll+0x485b]


siginfo: EXCEPTION_ACCESS_VIOLATION (0xc0000005), reading address 0x0000000000000000


Registers:
RAX=0x00009d7495c28901, RBX=0x0000000000000000, RCX=0x0000000000000000, RDX=0x00007ff8ca27cfc0
RSP=0x00000041679ff050, RBP=0x0000000000000000, RSI=0x00000154e8612000, RDI=0x0000000000000000
R8 =0x0000000000000000, R9 =0x0000000000000000, R10=0x0000000000000000, R11=0x00000041679fee10
R12=0x0000000000000000, R13=0x00007ff85e563b10, R14=0x00000154e842ffb8, R15=0x00000041679ffd98
RIP=0x00007ff85e184f03, EFLAGS=0x0000000000010256

Top of Stack: (sp=0x00000041679ff050)
0x00000041679ff050:   00000154e843b310 00007ff85e279a28
0x00000041679ff060:   00000041679ffd98 0000000000000400
0x00000041679ff070:   0000000000000000 00000154e8612000
0x00000041679ff080:   00000041679ff570 00007ff85e563b10
0x00000041679ff090:   0000426972a96486 00007ff85e6d3d1b
0x00000041679ff0a0:   00007ff8ca270000 00000041679ffd98
0x00000041679ff0b0:   00000154e842ffb8 00007ff85e563b10
0x00000041679ff0c0:   0000000000000000 00007ff85e182eea
0x00000041679ff0d0:   0000000000000000 00007ff8de6de10c
0x00000041679ff0e0:   00007ff85e82bdf8 0000000000000001
0x00000041679ff0f0:   00009d7495c28901 00000154e842ffb8
0x00000041679ff100:   00007ff800000000 00007ff85e563b10
0x00000041679ff110:   00000154e8612000 00000041679ff230
0x00000041679ff120:   0000000000000000 00007ff85e183043
0x00000041679ff130:   00007ff8ca250000 00007ff8ca27cfc0
0x00000041679ff140:   00000041679ff230 00000154e8612000 

Instructions: (pc=0x00007ff85e184f03)
0x00007ff85e184e03:   f0 ff 15 96 fa 5e 00 48 8b cb 41 b1 01 48 2b 8c
0x00007ff85e184e13:   24 90 00 00 00 45 33 c0 33 d2 c6 04 31 00 48 8b
0x00007ff85e184e23:   ce e8 a7 0b 00 00 42 80 3c 33 3b 4a 8d 3c 33 75
0x00007ff85e184e33:   1c 0f 1f 40 00 0f 1f 84 00 00 00 00 00 48 ff c3
0x00007ff85e184e43:   ff c5 42 80 3c 33 3b 4a 8d 3c 33 74 f0 49 83 3c
0x00007ff85e184e53:   24 00 74 18 48 8b 94 24 98 00 00 00 49 8b cf e8
0x00007ff85e184e63:   89 db ee ff 49 8b cc e8 f1 da ee ff 48 8b 44 24
0x00007ff85e184e73:   20 48 8d 4c 24 30 49 89 47 18 48 8b 44 24 28 49
0x00007ff85e184e83:   89 47 20 4d 89 67 10 e8 91 55 0f 00 44 8b ed 48
0x00007ff85e184e93:   89 9c 24 90 00 00 00 48 3b 5c 24 38 0f 8c cd fe
0x00007ff85e184ea3:   ff ff 4c 8b 7c 24 40 4c 8b 64 24 48 48 8b 7c 24
0x00007ff85e184eb3:   50 48 8b 74 24 58 48 8b 9c 24 80 00 00 00 48 83
0x00007ff85e184ec3:   c4 60 41 5e 41 5d 5d c3 cc cc cc cc cc 40 53 55
0x00007ff85e184ed3:   56 41 55 48 81 ec b8 00 00 00 48 8b 05 24 40 88
0x00007ff85e184ee3:   00 48 33 c4 48 89 84 24 a0 00 00 00 48 8b e9 48
0x00007ff85e184ef3:   c7 c3 ff ff ff ff 0f 1f 80 00 00 00 00 48 ff c3
0x00007ff85e184f03:   80 3c 0b 00 75 f7 33 f6 c6 44 24 30 01 40 38 35
0x00007ff85e184f13:   f4 6e 8b 00 74 17 40 38 35 d1 d4 8a 00 75 0e 33
0x00007ff85e184f23:   d2 48 8d 0d f5 6c 6a 00 e8 b0 ff 19 00 45 33 ed
0x00007ff85e184f33:   85 db 0f 8e 11 02 00 00 48 89 bc 24 e8 00 00 00
0x00007ff85e184f43:   48 8b fd 4c 89 a4 24 f0 00 00 00 48 63 c3 33 db
0x00007ff85e184f53:   4c 89 b4 24 f8 00 00 00 4c 89 bc 24 b0 00 00 00
0x00007ff85e184f63:   48 89 44 24 68 48 89 74 24 40 0f 1f 00 0f b6 07
0x00007ff85e184f73:   84 c0 74 12 3c 3b 74 0e 0f b6 44 2b 01 48 ff c3
0x00007ff85e184f83:   ff c6 84 c0 75 ee 48 8d 54 24 38 48 c7 44 24 38
0x00007ff85e184f93:   00 00 00 00 48 8d 4c 24 60 e8 ff 53 0f 00 48 8b
0x00007ff85e184fa3:   44 24 38 33 d2 4c 8b b0 78 02 00 00 49 8b 46 18
0x00007ff85e184fb3:   4d 8b 66 10 48 89 44 24 50 49 8b 46 20 48 89 44
0x00007ff85e184fc3:   24 58 49 8b 46 28 48 89 44 24 48 8b c6 41 2b c5
0x00007ff85e184fd3:   48 63 f8 48 8d 4f 01 e8 d1 18 49 00 49 63 d5 4c
0x00007ff85e184fe3:   8b c7 48 03 d5 48 8b c8 4c 8b f8 ff 15 ac f8 5e
0x00007ff85e184ff3:   00 48 8b cb 48 2b 4c 24 40 80 7c 24 30 00 42 c6 



---------------  P R O C E S S  ---------------

Threads class SMR info:
_java_thread_list=0x00000154e842fd90, length=0, elements={
}

Java Threads: ( => current thread )

Other Threads:

=>0x00000154e8612000 (exited) JavaThread "Unknown thread" [_thread_in_vm, id=4020, stack(0x0000004167900000,0x0000004167a00000)]

Threads with active compile tasks:

VM state:not at safepoint (not fully initialized)

VM Mutex/Monitor currently owned by a thread: None


[error occurred during error reporting (printing compressed oops mode), id 0xc0000005, EXCEPTION_ACCESS_VIOLATION (0xc0000005) at pc=0x00007ff85e71e3f7]

Deoptimization events (0 events):
No events

Classes redefined (0 events):
No events

Internal exceptions (0 events):
No events

Events (1 events):
Event: 0.005 Loaded shared library C:\Program Files\Microsoft\jdk-11.0.12.7-hotspot\bin\zip.dll


Dynamic libraries:
0x00007ff6b3e20000 - 0x00007ff6b3e2a000 	D:\Android Studio\jre\bin\java.EXE
0x00007ff8e0d20000 - 0x00007ff8e0f29000 	C:\WINDOWS\SYSTEM32\ntdll.dll
0x00007ff8dfaa0000 - 0x00007ff8dfb5e000 	C:\WINDOWS\System32\KERNEL32.DLL
0x00007ff8de650000 - 0x00007ff8de9d3000 	C:\WINDOWS\System32\KERNELBASE.dll
0x00007ff8de1d0000 - 0x00007ff8de2e1000 	C:\WINDOWS\System32\ucrtbase.dll
0x00007ff8c7cd0000 - 0x00007ff8c7ceb000 	C:\WINDOWS\SYSTEM32\VCRUNTIME140.dll
0x00007ff8cd060000 - 0x00007ff8cd077000 	C:\Program Files\Microsoft\jdk-11.0.12.7-hotspot\bin\jli.dll
0x00007ff8dff40000 - 0x00007ff8e00ed000 	C:\WINDOWS\System32\USER32.dll
0x00007ff8de500000 - 0x00007ff8de526000 	C:\WINDOWS\System32\win32u.dll
0x00007ff8c4790000 - 0x00007ff8c4a35000 	C:\WINDOWS\WinSxS\amd64_microsoft.windows.common-controls_6595b64144ccf1df_6.0.22000.120_none_9d947278b86cc467\COMCTL32.dll
0x00007ff8dfd30000 - 0x00007ff8dfd59000 	C:\WINDOWS\System32\GDI32.dll
0x00007ff8e00f0000 - 0x00007ff8e0193000 	C:\WINDOWS\System32\msvcrt.dll
0x00007ff8de530000 - 0x00007ff8de64a000 	C:\WINDOWS\System32\gdi32full.dll
0x00007ff8de460000 - 0x00007ff8de4fd000 	C:\WINDOWS\System32\msvcp_win.dll
0x00007ff8df620000 - 0x00007ff8df651000 	C:\WINDOWS\System32\IMM32.DLL
0x00007ff8ca470000 - 0x00007ff8ca485000 	C:\Program Files\Microsoft\jdk-11.0.12.7-hotspot\bin\vcruntime140.dll
0x00007ff8ca3d0000 - 0x00007ff8ca46b000 	C:\Program Files\Microsoft\jdk-11.0.12.7-hotspot\bin\msvcp140.dll
0x00007ff85dfb0000 - 0x00007ff85eb11000 	C:\Program Files\Microsoft\jdk-11.0.12.7-hotspot\bin\server\jvm.dll
0x00007ff8dfc60000 - 0x00007ff8dfd0e000 	C:\WINDOWS\System32\ADVAPI32.dll
0x00007ff8df8e0000 - 0x00007ff8df97e000 	C:\WINDOWS\System32\sechost.dll
0x00007ff8df660000 - 0x00007ff8df781000 	C:\WINDOWS\System32\RPCRT4.dll
0x00007ff8deda0000 - 0x00007ff8deda8000 	C:\WINDOWS\System32\PSAPI.DLL
0x00007ff8c2ab0000 - 0x00007ff8c2ab9000 	C:\WINDOWS\SYSTEM32\WSOCK32.dll
0x00007ff8c8650000 - 0x00007ff8c8683000 	C:\WINDOWS\SYSTEM32\WINMM.dll
0x00007ff8d3260000 - 0x00007ff8d326a000 	C:\WINDOWS\SYSTEM32\VERSION.dll
0x00007ff8ded30000 - 0x00007ff8ded9f000 	C:\WINDOWS\System32\WS2_32.dll
0x00007ff8dd340000 - 0x00007ff8dd358000 	C:\WINDOWS\SYSTEM32\kernel.appcore.dll
0x00007ff8ca3c0000 - 0x00007ff8ca3d0000 	C:\Program Files\Microsoft\jdk-11.0.12.7-hotspot\bin\verify.dll
0x00007ff8dbc60000 - 0x00007ff8dbe81000 	C:\WINDOWS\SYSTEM32\DBGHELP.DLL
0x00007ff8d0f60000 - 0x00007ff8d0f91000 	C:\WINDOWS\SYSTEM32\dbgcore.DLL
0x00007ff8de9e0000 - 0x00007ff8dea5f000 	C:\WINDOWS\System32\bcryptPrimitives.dll
0x00007ff8ca270000 - 0x00007ff8ca298000 	C:\Program Files\Microsoft\jdk-11.0.12.7-hotspot\bin\java.dll
0x00007ff8ca3b0000 - 0x00007ff8ca3ba000 	C:\Program Files\Microsoft\jdk-11.0.12.7-hotspot\bin\jimage.dll
0x00007ff8ca250000 - 0x00007ff8ca267000 	C:\Program Files\Microsoft\jdk-11.0.12.7-hotspot\bin\zip.dll

dbghelp: loaded successfully - version: 4.0.5 - missing functions: none
symbol engine: initialized successfully - sym options: 0x614 - pdb path: .;D:\Android Studio\jre\bin;C:\WINDOWS\SYSTEM32;C:\Program Files\Microsoft\jdk-11.0.12.7-hotspot\bin;C:\WINDOWS\WinSxS\amd64_microsoft.windows.common-controls_6595b64144ccf1df_6.0.22000.120_none_9d947278b86cc467;C:\Program Files\Microsoft\jdk-11.0.12.7-hotspot\bin\server

VM Arguments:
java_command: <unknown>
java_class_path (initial): <not set>
Launcher Type: SUN_STANDARD

[Global flags]
     uint G1ConcRefinementThreads                  = 10                                        {product} {ergonomic}
    uintx GCDrainStackTargetSize                   = 64                                        {product} {ergonomic}
   size_t InitialHeapSize                          = 130727936                                 {product} {ergonomic}
   size_t MaxHeapSize                              = 2091646976                                {product} {ergonomic}
    uintx ReservedCodeCacheSize                    = 251658240                              {pd product} {ergonomic}
     bool SegmentedCodeCache                       = true                                      {product} {ergonomic}
     bool UseCompressedClassPointers               = true                                 {lp64_product} {ergonomic}
     bool UseCompressedOops                        = true                                 {lp64_product} {ergonomic}
     bool UseG1GC                                  = true                                      {product} {ergonomic}
     bool UseLargePagesIndividualAllocation        = false                                  {pd product} {ergonomic}

Logging:
Log output configuration:
 #0: stdout all=warning uptime,level,tags
 #1: stderr all=off uptime,level,tags

Environment Variables:
JAVA_HOME=C:\Program Files\Java\jdk-16
PATH=C:\Program Files\Microsoft\jdk-11.0.12.7-hotspot\bin;D:\OracleXE\app\oracle\product\11.2.0\server\bin;;C:\oraclexe\app\oracle\product\11.2.0\server\bin;C:\Program Files\Common Files\Oracle\Java\javapath;C:\Windows\system32;C:\Windows;C:\Windows\System32\Wbem;C:\Windows\System32\WindowsPowerShell\v1.0\;C:\Windows\System32\OpenSSH\;C:\Program Files (x86)\NVIDIA Corporation\PhysX\Common;C:\Program Files\NVIDIA Corporation\NVIDIA NvDLISR;C:\WINDOWS\system32;C:\WINDOWS;C:\WINDOWS\System32\Wbem;C:\WINDOWS\System32\WindowsPowerShell\v1.0\;C:\WINDOWS\System32\OpenSSH\;D:\Git\cmd;C:\Program Files\dotnet\;C:\Program Files\Microsoft SQL Server\150\Tools\Binn\;C:\Program Files\Microsoft SQL Server\Client SDK\ODBC\170\Tools\Binn\;C:\xampp\php;C:\ProgramData\ComposerSetup\bin;D:\Scripts\;D:\;C:\Users\anusk\AppData\Local\Microsoft\WindowsApps;D:\flutter\bin;;D:\Microsoft VS Code\bin;C:\Users\anusk\.dotnet\tools;C:\Users\anusk\AppData\Roaming\Composer\vendor\bin;D:\flutter\bin\mingit\cmd
USERNAME=anusk
OS=Windows_NT
PROCESSOR_IDENTIFIER=Intel64 Family 6 Model 165 Stepping 2, GenuineIntel



---------------  S Y S T E M  ---------------

OS: Windows 10 , 64 bit Build 22000 (10.0.22000.1761)
OS uptime: 0 days 0:07 hours

CPU:total 12 (initial active 12) 

Memory: 4k page, system-wide physical 7979M (490M free)
TotalPageFile size 23214M (AvailPageFile size 2996M)
current process WorkingSet (physical memory assigned to process): 8M, peak: 8M
current process commit charge ("private bytes"): 3M, peak: 3M

vm_info: OpenJDK 64-Bit Server VM (11.0.12+7) for windows-amd64 JRE (11.0.12+7), built on Jul 21 2021 15:41:43 by "" with unknown MS VC++:1916

END.
